#
# A fatal error has been detected by the Java Runtime Environment:
#
#  Internal Error (javaClasses.cpp:129), pid=6964, tid=1860
#  fatal error: Invalid layout of preloaded class
#
# JRE version: 7.0_07-b11
# Java VM: Java HotSpot(TM) Client VM (23.3-b01 mixed mode windows-x86 )
# Failed to write core dump. Minidumps are not enabled by default on client versions of Windows
#
# If you would like to submit a bug report, please visit:
#   http://bugreport.sun.com/bugreport/crash.jsp
#

---------------  T H R E A D  ---------------

Current thread (0x00e0ac00):  JavaThread "Unknown thread" [_thread_in_vm, id=1860, stack(0x00f70000,0x00fc0000)]

Stack: [0x00f70000,0x00fc0000],  sp=0x00fbf48c,  free space=317k
Native frames: (J=compiled Java code, j=interpreted, Vv=VM code, C=native code)
V  [jvm.dll+0x16f2f1]
V  [jvm.dll+0x169496]
V  [jvm.dll+0x2082f]
V  [jvm.dll+0x208b6]
V  [jvm.dll+0x2e64d]
V  [jvm.dll+0x2e8f9]
V  [jvm.dll+0x77d01]
V  [jvm.dll+0x780bb]
V  [jvm.dll+0x1290e1]
V  [jvm.dll+0x149b8a]
V  [jvm.dll+0xa997f]
C  [javaw.exe+0x1359]
C  [javaw.exe+0x1dbb]
C  [javaw.exe+0xa0eb]
C  [javaw.exe+0xa175]
C  [kernel32.dll+0x133aa]  BaseThreadInitThunk+0x12
C  [ntdll.dll+0x39ef2]  RtlInitializeExceptionChain+0x63
C  [ntdll.dll+0x39ec5]  RtlInitializeExceptionChain+0x36


---------------  P R O C E S S  ---------------

Java Threads: ( => current thread )

Other Threads:

=>0x00e0ac00 (exited) JavaThread "Unknown thread" [_thread_in_vm, id=1860, stack(0x00f70000,0x00fc0000)]

VM state:not at safepoint (not fully initialized)

VM Mutex/Monitor currently owned by a thread: None

GC Heap History (0 events):
No events

Deoptimization events (0 events):
No events

Internal exceptions (0 events):
No events

Events (10 events):
Event: 0.015 loading class 0x00c45c80
Event: 0.016 loading class 0x00c45c80 done
Event: 0.016 loading class 0x00c45cd0
Event: 0.016 loading class 0x00c47048
Event: 0.016 loading class 0x00c47048 done
Event: 0.016 loading class 0x00c6a6d0
Event: 0.017 loading class 0x00c6a6d0 done
Event: 0.017 loading class 0x00c45cd0 done
Event: 0.017 loading class 0x00c45ca8
Event: 0.017 loading class 0x00c45ca8 done


Dynamic libraries:
0x012c0000 - 0x012ef000 	D:\Prog\jdk1.7.0_07-32-bit\bin\javaw.exe
0x77d60000 - 0x77ee0000 	C:\Windows\SysWOW64\ntdll.dll
0x75710000 - 0x75820000 	C:\Windows\syswow64\kernel32.dll
0x75a30000 - 0x75a77000 	C:\Windows\syswow64\KERNELBASE.dll
0x75530000 - 0x755d0000 	C:\Windows\syswow64\ADVAPI32.dll
0x773d0000 - 0x7747c000 	C:\Windows\syswow64\msvcrt.dll
0x77480000 - 0x77499000 	C:\Windows\SysWOW64\sechost.dll
0x75cf0000 - 0x75de0000 	C:\Windows\syswow64\RPCRT4.dll
0x75440000 - 0x754a0000 	C:\Windows\syswow64\SspiCli.dll
0x75430000 - 0x7543c000 	C:\Windows\syswow64\CRYPTBASE.dll
0x76100000 - 0x76200000 	C:\Windows\syswow64\USER32.dll
0x75820000 - 0x758b0000 	C:\Windows\syswow64\GDI32.dll
0x77d30000 - 0x77d3a000 	C:\Windows\syswow64\LPK.dll
0x75c50000 - 0x75ced000 	C:\Windows\syswow64\USP10.dll
0x73fa0000 - 0x7413e000 	C:\Windows\WinSxS\x86_microsoft.windows.common-controls_6595b64144ccf1df_6.0.7601.17514_none_41e6975e2bd6f2b2\COMCTL32.dll
0x76430000 - 0x76487000 	C:\Windows\syswow64\SHLWAPI.dll
0x75bf0000 - 0x75c50000 	C:\Windows\system32\IMM32.DLL
0x77140000 - 0x7720c000 	C:\Windows\syswow64\MSCTF.dll
0x53ae0000 - 0x53b9e000 	D:\Prog\jdk1.7.0_07-32-bit\jre\bin\msvcr100.dll
0x50470000 - 0x507bc000 	D:\Prog\jdk1.7.0_07-32-bit\jre\bin\client\jvm.dll
0x74d60000 - 0x74d67000 	C:\Windows\system32\WSOCK32.dll
0x762a0000 - 0x762d5000 	C:\Windows\syswow64\WS2_32.dll
0x75a80000 - 0x75a86000 	C:\Windows\syswow64\NSI.dll
0x746c0000 - 0x746f2000 	C:\Windows\system32\WINMM.dll
0x75de0000 - 0x75de5000 	C:\Windows\syswow64\PSAPI.DLL
0x57020000 - 0x5702c000 	D:\Prog\jdk1.7.0_07-32-bit\jre\bin\verify.dll
0x57000000 - 0x57020000 	D:\Prog\jdk1.7.0_07-32-bit\jre\bin\java.dll
0x50af0000 - 0x50b03000 	D:\Prog\jdk1.7.0_07-32-bit\jre\bin\zip.dll
0x72850000 - 0x7293b000 	C:\Windows\system32\dbghelp.dll

VM Arguments:
jvm_args: -Dfile.encoding=Cp1250 -Xbootclasspath:D:\Prog\leJOS NXJ\lib\nxt\classes.jar 
java_command: Test
Launcher Type: SUN_STANDARD

Environment Variables:
JAVA_HOME=D:\Prog\jdk1.7.0_07-32-bit\bin
PATH=D:/Prog/jdk1.7.0_07-32-bit/bin/../jre/bin/client;D:/Prog/jdk1.7.0_07-32-bit/bin/../jre/bin;D:/Prog/jdk1.7.0_07-32-bit/bin/../jre/lib/i386;C:\Program Files\Broadcom\Broadcom 802.11\Driver;;C:\Program Files (x86)\AMD APP\bin\x86_64;C:\Program Files (x86)\AMD APP\bin\x86;C:\Windows\system32;C:\Windows;C:\Windows\System32\Wbem;C:\Windows\System32\WindowsPowerShell\v1.0\;C:\Program Files (x86)\ATI Technologies\ATI.ACE\Core-Static;C:\Program Files\WIDCOMM\Bluetooth Software\;C:\Program Files\WIDCOMM\Bluetooth Software\syswow64;D:\Programs\MiKTeX\miktex\bin\x64\;C:\VXIPNP\WinNT\Bin;D:\Prog\leJOS NXJ\bin;D:\Prog\jdk1.7.0_07-32-bit\bin;D:\Prog\eclipse 32bit;
USERNAME=Riba1133
OS=Windows_NT
PROCESSOR_IDENTIFIER=Intel64 Family 6 Model 42 Stepping 7, GenuineIntel



---------------  S Y S T E M  ---------------

OS: Windows 7 , 64 bit Build 7601 Service Pack 1

CPU:total 2 (2 cores per cpu, 1 threads per core) family 6 model 42 stepping 7, cmov, cx8, fxsr, mmx, sse, sse2, sse3, ssse3, sse4.1, sse4.2, popcnt, tsc, tscinvbit

Memory: 4k page, physical 4140912k(1666996k free), swap 8279972k(4826964k free)

vm_info: Java HotSpot(TM) Client VM (23.3-b01) for windows-x86 JRE (1.7.0_07-b11), built on Sep  7 2012 01:40:56 by "java_re" with unknown MS VC++:1600

time: Mon Nov 05 14:48:22 2012
elapsed time: 0 seconds

