#
# A fatal error has been detected by the Java Runtime Environment:
#
#  Internal Error (javaClasses.cpp:129), pid=4788, tid=4924
#  fatal error: Invalid layout of preloaded class
#
# JRE version: 7.0_09-b05
# Java VM: Java HotSpot(TM) Client VM (23.5-b02 mixed mode windows-x86 )
# Failed to write core dump. Minidumps are not enabled by default on client versions of Windows
#
# If you would like to submit a bug report, please visit:
#   http://bugreport.sun.com/bugreport/crash.jsp
#

---------------  T H R E A D  ---------------

Current thread (0x00deb800):  JavaThread "Unknown thread" [_thread_in_vm, id=4924, stack(0x00e50000,0x00ea0000)]

Stack: [0x00e50000,0x00ea0000],  sp=0x00e9f4dc,  free space=317k
Native frames: (J=compiled Java code, j=interpreted, Vv=VM code, C=native code)
V  [jvm.dll+0x16f2f1]
V  [jvm.dll+0x169496]
V  [jvm.dll+0x2082f]
V  [jvm.dll+0x208b6]
V  [jvm.dll+0x2e64d]
V  [jvm.dll+0x2e8f9]
V  [jvm.dll+0x77d01]
V  [jvm.dll+0x780bb]
V  [jvm.dll+0x1290e1]
V  [jvm.dll+0x149b8a]
V  [jvm.dll+0xa997f]
C  [javaw.exe+0x1359]
C  [javaw.exe+0x1dbb]
C  [javaw.exe+0xa0eb]
C  [javaw.exe+0xa175]
C  [kernel32.dll+0x133aa]  BaseThreadInitThunk+0x12
C  [ntdll.dll+0x39ef2]  RtlInitializeExceptionChain+0x63
C  [ntdll.dll+0x39ec5]  RtlInitializeExceptionChain+0x36


---------------  P R O C E S S  ---------------

Java Threads: ( => current thread )

Other Threads:

=>0x00deb800 (exited) JavaThread "Unknown thread" [_thread_in_vm, id=4924, stack(0x00e50000,0x00ea0000)]

VM state:not at safepoint (not fully initialized)

VM Mutex/Monitor currently owned by a thread: None

GC Heap History (0 events):
No events

Deoptimization events (0 events):
No events

Internal exceptions (0 events):
No events

Events (10 events):
Event: 0.042 loading class 0x00c76af0
Event: 0.044 loading class 0x00c76af0 done
Event: 0.044 loading class 0x00c76b40
Event: 0.044 loading class 0x00c77a20
Event: 0.044 loading class 0x00c77a20 done
Event: 0.044 loading class 0x00c9c308
Event: 0.044 loading class 0x00c9c308 done
Event: 0.045 loading class 0x00c76b40 done
Event: 0.045 loading class 0x00c76b18
Event: 0.045 loading class 0x00c76b18 done


Dynamic libraries:
0x01200000 - 0x0122f000 	C:\Program Files (x86)\Java\jre7\bin\javaw.exe
0x77380000 - 0x77500000 	C:\Windows\SysWOW64\ntdll.dll
0x75080000 - 0x75190000 	C:\Windows\syswow64\kernel32.dll
0x74e40000 - 0x74e87000 	C:\Windows\syswow64\KERNELBASE.dll
0x752d0000 - 0x75370000 	C:\Windows\syswow64\ADVAPI32.dll
0x75190000 - 0x7523c000 	C:\Windows\syswow64\msvcrt.dll
0x75590000 - 0x755a9000 	C:\Windows\SysWOW64\sechost.dll
0x75720000 - 0x75810000 	C:\Windows\syswow64\RPCRT4.dll
0x74a60000 - 0x74ac0000 	C:\Windows\syswow64\SspiCli.dll
0x74a50000 - 0x74a5c000 	C:\Windows\syswow64\CRYPTBASE.dll
0x75370000 - 0x75470000 	C:\Windows\syswow64\USER32.dll
0x74ff0000 - 0x75080000 	C:\Windows\syswow64\GDI32.dll
0x74fb0000 - 0x74fba000 	C:\Windows\syswow64\LPK.dll
0x75b50000 - 0x75bed000 	C:\Windows\syswow64\USP10.dll
0x703e0000 - 0x7057e000 	C:\Windows\WinSxS\x86_microsoft.windows.common-controls_6595b64144ccf1df_6.0.7601.17514_none_41e6975e2bd6f2b2\COMCTL32.dll
0x75930000 - 0x75987000 	C:\Windows\syswow64\SHLWAPI.dll
0x756c0000 - 0x75720000 	C:\Windows\system32\IMM32.DLL
0x75c00000 - 0x75ccc000 	C:\Windows\syswow64\MSCTF.dll
0x5ca30000 - 0x5caee000 	C:\Program Files (x86)\Java\jre7\bin\msvcr100.dll
0x6ec10000 - 0x6ef5d000 	C:\Program Files (x86)\Java\jre7\bin\client\jvm.dll
0x73210000 - 0x73217000 	C:\Windows\system32\WSOCK32.dll
0x755f0000 - 0x75625000 	C:\Windows\syswow64\WS2_32.dll
0x75bf0000 - 0x75bf6000 	C:\Windows\syswow64\NSI.dll
0x731a0000 - 0x731d2000 	C:\Windows\system32\WINMM.dll
0x75630000 - 0x75635000 	C:\Windows\syswow64\PSAPI.DLL
0x74360000 - 0x7436c000 	C:\Program Files (x86)\Java\jre7\bin\verify.dll
0x6eb30000 - 0x6eb50000 	C:\Program Files (x86)\Java\jre7\bin\java.dll
0x6eb10000 - 0x6eb23000 	C:\Program Files (x86)\Java\jre7\bin\zip.dll
0x73fc0000 - 0x740ab000 	C:\Windows\system32\dbghelp.dll

VM Arguments:
jvm_args: -Dfile.encoding=Cp1250 -Xbootclasspath:C:\Program Files (x86)\leJOS NXJ\lib\nxt\classes.jar 
java_command: StartPoint
Launcher Type: SUN_STANDARD

Environment Variables:
CLASSPATH=C:\Users\Flape\introcs\algs4.jar;C:\Users\Flape\introcs\stdlib.jar;.;C:\Program Files (x86)\Java\jre6\lib\ext\QTJava.zip
USERNAME=Flape
OS=Windows_NT
PROCESSOR_IDENTIFIER=AMD64 Family 16 Model 6 Stepping 3, AuthenticAMD



---------------  S Y S T E M  ---------------

OS: Windows 7 , 64 bit Build 7601 Service Pack 1

CPU:total 2 (2 cores per cpu, 1 threads per core) family 16 model 6 stepping 3, cmov, cx8, fxsr, mmx, sse, sse2, sse3, popcnt, mmxext, 3dnowpref, lzcnt, sse4a, tsc, tscinvbit, tscinv

Memory: 4k page, physical 3926936k(1690808k free), swap 7852020k(4526612k free)

vm_info: Java HotSpot(TM) Client VM (23.5-b02) for windows-x86 JRE (1.7.0_09-b05), built on Sep 24 2012 22:01:33 by "java_re" with unknown MS VC++:1600

time: Thu Nov 01 22:23:06 2012
elapsed time: 0 seconds

